<?xml version="1.0" encoding="UTF-8"?>
<!-- Generated by org.testng.reporters.JUnitReportReporter -->
<testsuite hostname="Lab2-PC" name="package1.LoginAdmin" tests="1" failures="0" timestamp="12 Dec 2015 04:54:30 GMT" time="5.534" errors="0">
  <testcase name="loginAdmin" time="5.534" classname="package1.LoginAdmin"/>
</testsuite> <!-- package1.LoginAdmin -->
