<?xml version="1.0" encoding="UTF-8"?>
<!-- Generated by org.testng.reporters.JUnitReportReporter -->
<testsuite hostname="Lab2-PC" name="package1.Login" tests="1" failures="0" timestamp="12 Dec 2015 04:29:36 GMT" time="12.450" errors="0">
  <testcase name="test1" time="12.450" classname="package1.Login"/>
</testsuite> <!-- package1.Login -->
